Using pre-set license
Built from '2020.3/staging' branch; Version is '2020.3.14f1 (d0d1bb862f9d) revision 13685179'; Using compiler version '192528614'; Build Type 'Release'
OS: 'Windows 10 Home Single Language; OS build 19042.1165; Version 2009; 64bit' Language: 'tr' Physical Memory: 32615 MB
BatchMode: 1, IsHumanControllingUs: 0, StartBugReporterOnCrash: 0, Is64bit: 1, IsPro: 0

 COMMAND LINE ARGUMENTS:
C:\Program Files\Unity\Hub\Editor\2020.3.14f1\Editor\Unity.exe
-adb2
-batchMode
-noUpm
-name
AssetImportWorker0
-projectPath
C:/Users/ozgur/Desktop/PipeDeformation/PipeDeformationShader
-logFile
Logs/AssetImportWorker0.log
-srvPort
49849
Successfully changed project path to: C:/Users/ozgur/Desktop/PipeDeformation/PipeDeformationShader
C:/Users/ozgur/Desktop/PipeDeformation/PipeDeformationShader
Using Asset Import Pipeline V2.
Refreshing native plugins compatible for Editor in 51.15 ms, found 5 plugins.
Preloading 0 native plugins for Editor in 0.00 ms.
Initialize engine version: 2020.3.14f1 (d0d1bb862f9d)
[Subsystems] Discovering subsystems at path C:/Program Files/Unity/Hub/Editor/2020.3.14f1/Editor/Data/Resources/UnitySubsystems
[Subsystems] Discovering subsystems at path C:/Users/ozgur/Desktop/PipeDeformation/PipeDeformationShader/Assets
GfxDevice: creating device client; threaded=0
Direct3D:
    Version:  Direct3D 11.0 [level 11.1]
    Renderer: NVIDIA GeForce RTX 2070 with Max-Q Design (ID=0x1f10)
    Vendor:   
    VRAM:     8031 MB
    Driver:   27.21.14.5709
Initialize mono
Mono path[0] = 'C:/Program Files/Unity/Hub/Editor/2020.3.14f1/Editor/Data/Managed'
Mono path[1] = 'C:/Program Files/Unity/Hub/Editor/2020.3.14f1/Editor/Data/MonoBleedingEdge/lib/mono/unityjit'
Mono config path = 'C:/Program Files/Unity/Hub/Editor/2020.3.14f1/Editor/Data/MonoBleedingEdge/etc'
Using monoOptions --debugger-agent=transport=dt_socket,embedding=1,server=y,suspend=n,address=127.0.0.1:56360
Begin MonoManager ReloadAssembly
Registering precompiled unity dll's ...
Register platform support module: C:/Program Files/Unity/Hub/Editor/2020.3.14f1/Editor/Data/PlaybackEngines/WindowsStandaloneSupport/UnityEditor.WindowsStandalone.Extensions.dll
Registered in 0.002054 seconds.
Native extension for WindowsStandalone target not found
Refreshing native plugins compatible for Editor in 42.25 ms, found 5 plugins.
Preloading 0 native plugins for Editor in 0.00 ms.
Mono: successfully reloaded assembly
- Completed reload, in  1.070 seconds
Domain Reload Profiling:
	ReloadAssembly (1070ms)
		BeginReloadAssembly (53ms)
			ExecutionOrderSort (0ms)
			DisableScriptedObjects (0ms)
			BackupInstance (0ms)
			ReleaseScriptingObjects (0ms)
			CreateAndSetChildDomain (1ms)
		EndReloadAssembly (380ms)
			LoadAssemblies (50ms)
			RebuildTransferFunctionScriptingTraits (0ms)
			SetupTypeCache (139ms)
			ReleaseScriptCaches (0ms)
			RebuildScriptCaches (27ms)
			SetupLoadedEditorAssemblies (150ms)
				LogAssemblyErrors (0ms)
				InitializePlatformSupportModulesInManaged (3ms)
				SetLoadedEditorAssemblies (0ms)
				RefreshPlugins (42ms)
				BeforeProcessingInitializeOnLoad (9ms)
				ProcessInitializeOnLoadAttributes (71ms)
				ProcessInitializeOnLoadMethodAttributes (24ms)
				AfterProcessingInitializeOnLoad (0ms)
				EditorAssembliesLoaded (0ms)
			ExecutionOrderSort2 (0ms)
			AwakeInstancesAfterBackupRestoration (0ms)
Platform modules already initialized, skipping
Registering precompiled user dll's ...
Registered in 0.005266 seconds.
Begin MonoManager ReloadAssembly
Native extension for WindowsStandalone target not found
Refreshing native plugins compatible for Editor in 44.90 ms, found 5 plugins.
Preloading 0 native plugins for Editor in 0.00 ms.
Mono: successfully reloaded assembly
- Completed reload, in  1.055 seconds
Domain Reload Profiling:
	ReloadAssembly (1056ms)
		BeginReloadAssembly (128ms)
			ExecutionOrderSort (0ms)
			DisableScriptedObjects (4ms)
			BackupInstance (0ms)
			ReleaseScriptingObjects (0ms)
			CreateAndSetChildDomain (16ms)
		EndReloadAssembly (874ms)
			LoadAssemblies (81ms)
			RebuildTransferFunctionScriptingTraits (0ms)
			SetupTypeCache (280ms)
			ReleaseScriptCaches (0ms)
			RebuildScriptCaches (48ms)
			SetupLoadedEditorAssemblies (349ms)
				LogAssemblyErrors (0ms)
				InitializePlatformSupportModulesInManaged (3ms)
				SetLoadedEditorAssemblies (0ms)
				RefreshPlugins (45ms)
				BeforeProcessingInitializeOnLoad (98ms)
				ProcessInitializeOnLoadAttributes (190ms)
				ProcessInitializeOnLoadMethodAttributes (5ms)
				AfterProcessingInitializeOnLoad (8ms)
				EditorAssembliesLoaded (0ms)
			ExecutionOrderSort2 (0ms)
			AwakeInstancesAfterBackupRestoration (6ms)
Platform modules already initialized, skipping
========================================================================
Worker process is ready to serve import requests
Shader 'Universal Render Pipeline/Particles/Lit': fallback shader 'Universal Render Pipeline/Particles/SimpleLit' not found
Shader 'Universal Render Pipeline/Particles/Lit': fallback shader 'Universal Render Pipeline/Particles/SimpleLit' not found
Launched and connected shader compiler UnityShaderCompiler.exe after 0.04 seconds
Refreshing native plugins compatible for Editor in 0.49 ms, found 5 plugins.
Preloading 0 native plugins for Editor in 0.00 ms.
Unloading 2836 Unused Serialized files (Serialized files now loaded: 0)
System memory in use before: 126.8 MB.
System memory in use after: 124.0 MB.

Unloading 59 unused Assets to reduce memory usage. Loaded Objects now: 3231.
Total: 3.264100 ms (FindLiveObjects: 0.219500 ms CreateObjectMapping: 0.116400 ms MarkObjects: 1.757300 ms  DeleteObjects: 1.170100 ms)

AssetImportParameters requested are different than current active one (requested -> active):
  custom:framework-win-MediaFoundation: 216162199b28c13a410421893ffa2e32 -> 
  custom:video-decoder-ogg-theora: a1e56fd34408186e4bbccfd4996cb3dc -> 
  custom:container-muxer-webm: aa71ff27fc2769a1b78a27578f13a17b -> 
  custom:container-demuxer-webm: 4f35f7cbe854078d1ac9338744f61a02 -> 
  custom:container-demuxer-ogg: 62fdf1f143b41e24485cea50d1cbac27 -> 
  custom:video-encoder-webm-vp8: eb34c28f22e8b96e1ab97ce403110664 -> 
  custom:video-decoder-webm-vp8: 9c59270c3fd7afecdb556c50c9e8de78 -> 
  custom:audio-decoder-ogg-vorbis: bf7c407c2cedff20999df2af8eb42d56 -> 
  custom:audio-encoder-webm-vorbis: bf7c407c2cedff20999df2af8eb42d56 -> 
========================================================================
Received Import Request.
  path: Assets/Pipe Deformation Shader 1/Deneme.mat
  artifactKey: Guid(c6451e0e748011f44b63837153fc7700) Importer(815301076,1909f56bfc062723c751e8b465ee728b)
Start importing Assets/Pipe Deformation Shader 1/Deneme.mat using Guid(c6451e0e748011f44b63837153fc7700) Importer(815301076,1909f56bfc062723c751e8b465ee728b)  -> (artifact id: '2bc0840d73fc8320f55a9de71d907d36') in 0.202850 seconds 
  Import took 0.206984 seconds .

========================================================================
Received Import Request.
  Time since last request: 343.268550 seconds.
  path: Assets/Pipe Deformation Shader 1/Deneme.mat
  artifactKey: Guid(c6451e0e748011f44b63837153fc7700) Importer(815301076,1909f56bfc062723c751e8b465ee728b)
Start importing Assets/Pipe Deformation Shader 1/Deneme.mat using Guid(c6451e0e748011f44b63837153fc7700) Importer(815301076,1909f56bfc062723c751e8b465ee728b)  -> (artifact id: 'aacd8b029728a5bd45d738f38d28b9d4') in 0.011553 seconds 
  Import took 0.016801 seconds .

========================================================================
Received Import Request.
  Time since last request: 70.422480 seconds.
  path: Assets/Pipe Deformation with Outline/PipelineShader.unity
  artifactKey: Guid(c1a9d0fec12a6434e843312d6fbf379b) Importer(815301076,1909f56bfc062723c751e8b465ee728b)
Start importing Assets/Pipe Deformation with Outline/PipelineShader.unity using Guid(c1a9d0fec12a6434e843312d6fbf379b) Importer(815301076,1909f56bfc062723c751e8b465ee728b)  -> (artifact id: 'b9d1dcb9a37e640732ff2b41ba7f4aad') in 0.003313 seconds 
  Import took 0.007844 seconds .

========================================================================
Received Import Request.
  Time since last request: 0.003006 seconds.
  path: Assets/Pipe Deformation with Outline
  artifactKey: Guid(0c028e35b9f7444418f1801daab47cc5) Importer(815301076,1909f56bfc062723c751e8b465ee728b)
Start importing Assets/Pipe Deformation with Outline using Guid(0c028e35b9f7444418f1801daab47cc5) Importer(815301076,1909f56bfc062723c751e8b465ee728b)  -> (artifact id: 'd10977326ff6d16cfe0d18dafb81d6d1') in 0.002843 seconds 
  Import took 0.006806 seconds .

========================================================================
Received Import Request.
  Time since last request: 0.009782 seconds.
  path: Assets/Pipe Deformation with Outline/PieDeformationShaderr.shadergraph
  artifactKey: Guid(1193f00391293f3499a3177e732445da) Importer(815301076,1909f56bfc062723c751e8b465ee728b)
Start importing Assets/Pipe Deformation with Outline/PieDeformationShaderr.shadergraph using Guid(1193f00391293f3499a3177e732445da) Importer(815301076,1909f56bfc062723c751e8b465ee728b)  -> (artifact id: '0a74e2dceed846aaa4889c10b85bdb4b') in 0.006635 seconds 
  Import took 0.010937 seconds .

AssetImportWorkerClient::OnTransportError - code=2 error=End of file
